<?xml version="1.0" encoding="UTF-8"?>
<testsuite name="com.danielgebhardt.larn.LarnBackendApplicationTests" tests="1" skipped="0" failures="0" errors="0" timestamp="2026-09-03T20:33:59.493Z" hostname="RGCASWF96407" time="1.397">
  <properties/>
  <testcase name="contextLoads()" classname="com.danielgebhardt.larn.LarnBackendApplicationTests" time="0.78"/>
  <system-out><![CDATA[15:33:59.562 [Test worker] INFO org.springframework.test.context.support.AnnotationConfigContextLoaderUtils -- Could not detect default configuration classes for test class [com.danielgebhardt.larn.LarnBackendApplicationTests]: LarnBackendApplicationTests does not declare any static, non-private, non-final, nested classes annotated with @Configuration.
15:33:59.598 [Test worker] INFO org.springframework.boot.test.context.SpringBootTestContextBootstrapper -- Found @SpringBootConfiguration com.danielgebhardt.larn.LarnBackendApplication for test class com.danielgebhardt.larn.LarnBackendApplicationTests
15:33:59.627 [Test worker] INFO org.springframework.test.context.support.AnnotationConfigContextLoaderUtils -- Could not detect default configuration classes for test class [com.danielgebhardt.larn.LarnBackendApplicationTests]: LarnBackendApplicationTests does not declare any static, non-private, non-final, nested classes annotated with @Configuration.
15:33:59.628 [Test worker] INFO org.springframework.boot.test.context.SpringBootTestContextBootstrapper -- Found @SpringBootConfiguration com.danielgebhardt.larn.LarnBackendApplication for test class com.danielgebhardt.larn.LarnBackendApplicationTests

  .   ____          _            __ _ _
 /\\ / ___'_ __ _ _(_)_ __  __ _ \ \ \ \
( ( )\___ | '_ | '_| | '_ \/ _` | \ \ \ \
 \\/  ___)| |_)| | | | | || (_| |  ) ) ) )
  '  |____| .__|_| |_|_| |_\__, | / / / /
 =========|_|==============|___/=/_/_/_/

 :: Spring Boot ::                (v4.1.1)

2026-09-03T15:33:59.736-05:00  INFO 23290 --- [larn-backend] [    Test worker] c.d.larn.LarnBackendApplicationTests     : Starting LarnBackendApplicationTests using Java 21.0.3 with PID 23290 (started by d2220301 in /Users/d2220301/ASWF_Projects/larn-remake/backend)
2026-09-03T15:33:59.737-05:00  INFO 23290 --- [larn-backend] [    Test worker] c.d.larn.LarnBackendApplicationTests     : No active profile set, falling back to 1 default profile: "default"
2026-09-03T15:34:00.104-05:00  INFO 23290 --- [larn-backend] [    Test worker] c.d.larn.LarnBackendApplicationTests     : Started LarnBackendApplicationTests in 0.426 seconds (process running for 0.983)
]]></system-out>
  <system-err><![CDATA[Mockito is currently self-attaching to enable the inline-mock-maker. This will no longer work in future releases of the JDK. Please add Mockito as an agent to your build as described in Mockito's documentation: https://javadoc.io/doc/org.mockito/mockito-core/latest/org.mockito/org/mockito/Mockito.html#0.3
WARNING: A Java agent has been loaded dynamically (/Users/d2220301/.gradle/caches/modules-2/files-2.1/net.bytebuddy/byte-buddy-agent/1.18.11/82212e5b3633e7a65fca8bec525762cfb6c9bae4/byte-buddy-agent-1.18.11.jar)
WARNING: If a serviceability tool is in use, please run with -XX:+EnableDynamicAgentLoading to hide this warning
WARNING: If a serviceability tool is not in use, please run with -Djdk.instrument.traceUsage for more information
WARNING: Dynamic loading of agents will be disallowed by default in a future release
]]></system-err>
</testsuite>
